CRITICAL - 2023-05-20 06:19:53 --> Undefined constant "CodeIgniter\Debug\VENDORPATH"
in SYSTEMPATH/Debug/Exceptions.php on line 177.
 1 SYSTEMPATH/Debug/Exceptions.php(157): CodeIgniter\Debug\Exceptions->isFakerDeprecationError()
 2 [internal function]: CodeIgniter\Debug\Exceptions->errorHandler()
 3 APPPATH/Views/layouts/partials/pagination.php(5): parse_str()
 4 SYSTEMPATH/View/View.php(213): include('APPPATH/Views/layouts/partials/pagination.php')
 5 SYSTEMPATH/View/View.php(216): CodeIgniter\View\View->CodeIgniter\View\{closure}()
 6 SYSTEMPATH/View/View.php(431): CodeIgniter\View\View->render()
 7 APPPATH/Views/layouts/announcement.php(88): CodeIgniter\View\View->include()
 8 SYSTEMPATH/View/View.php(213): include('APPPATH/Views/layouts/announcement.php')
 9 SYSTEMPATH/View/View.php(216): CodeIgniter\View\View->CodeIgniter\View\{closure}()
10 SYSTEMPATH/Common.php(1134): CodeIgniter\View\View->render()
11 APPPATH/Controllers/Announcement.php(85): view()
12 SYSTEMPATH/CodeIgniter.php(927): App\Controllers\Announcement->index()
13 SYSTEMPATH/CodeIgniter.php(482): CodeIgniter\CodeIgniter->runController()
14 SYSTEMPATH/CodeIgniter.php(351): CodeIgniter\CodeIgniter->handleRequest()
15 FCPATH/index.php(67): CodeIgniter\CodeIgniter->run()
CRITICAL - 2023-05-20 06:19:54 --> Undefined constant "CodeIgniter\Debug\VENDORPATH"
in SYSTEMPATH/Debug/Exceptions.php on line 177.
 1 SYSTEMPATH/Debug/Exceptions.php(157): CodeIgniter\Debug\Exceptions->isFakerDeprecationError()
 2 [internal function]: CodeIgniter\Debug\Exceptions->errorHandler()
 3 APPPATH/Views/layouts/partials/pagination.php(5): parse_str()
 4 SYSTEMPATH/View/View.php(213): include('APPPATH/Views/layouts/partials/pagination.php')
 5 SYSTEMPATH/View/View.php(216): CodeIgniter\View\View->CodeIgniter\View\{closure}()
 6 SYSTEMPATH/View/View.php(431): CodeIgniter\View\View->render()
 7 APPPATH/Views/layouts/announcement.php(88): CodeIgniter\View\View->include()
 8 SYSTEMPATH/View/View.php(213): include('APPPATH/Views/layouts/announcement.php')
 9 SYSTEMPATH/View/View.php(216): CodeIgniter\View\View->CodeIgniter\View\{closure}()
10 SYSTEMPATH/Common.php(1134): CodeIgniter\View\View->render()
11 APPPATH/Controllers/Announcement.php(85): view()
12 SYSTEMPATH/CodeIgniter.php(927): App\Controllers\Announcement->index()
13 SYSTEMPATH/CodeIgniter.php(482): CodeIgniter\CodeIgniter->runController()
14 SYSTEMPATH/CodeIgniter.php(351): CodeIgniter\CodeIgniter->handleRequest()
15 FCPATH/index.php(67): CodeIgniter\CodeIgniter->run()
CRITICAL - 2023-05-20 06:19:55 --> Undefined constant "CodeIgniter\Debug\VENDORPATH"
in SYSTEMPATH/Debug/Exceptions.php on line 177.
 1 SYSTEMPATH/Debug/Exceptions.php(157): CodeIgniter\Debug\Exceptions->isFakerDeprecationError()
 2 [internal function]: CodeIgniter\Debug\Exceptions->errorHandler()
 3 APPPATH/Views/layouts/partials/pagination.php(5): parse_str()
 4 SYSTEMPATH/View/View.php(213): include('APPPATH/Views/layouts/partials/pagination.php')
 5 SYSTEMPATH/View/View.php(216): CodeIgniter\View\View->CodeIgniter\View\{closure}()
 6 SYSTEMPATH/View/View.php(431): CodeIgniter\View\View->render()
 7 APPPATH/Views/layouts/announcement.php(88): CodeIgniter\View\View->include()
 8 SYSTEMPATH/View/View.php(213): include('APPPATH/Views/layouts/announcement.php')
 9 SYSTEMPATH/View/View.php(216): CodeIgniter\View\View->CodeIgniter\View\{closure}()
10 SYSTEMPATH/Common.php(1134): CodeIgniter\View\View->render()
11 APPPATH/Controllers/Announcement.php(85): view()
12 SYSTEMPATH/CodeIgniter.php(927): App\Controllers\Announcement->index()
13 SYSTEMPATH/CodeIgniter.php(482): CodeIgniter\CodeIgniter->runController()
14 SYSTEMPATH/CodeIgniter.php(351): CodeIgniter\CodeIgniter->handleRequest()
15 FCPATH/index.php(67): CodeIgniter\CodeIgniter->run()
CRITICAL - 2023-05-20 06:19:56 --> Undefined constant "CodeIgniter\Debug\VENDORPATH"
in SYSTEMPATH/Debug/Exceptions.php on line 177.
 1 SYSTEMPATH/Debug/Exceptions.php(157): CodeIgniter\Debug\Exceptions->isFakerDeprecationError()
 2 [internal function]: CodeIgniter\Debug\Exceptions->errorHandler()
 3 APPPATH/Views/layouts/partials/pagination.php(5): parse_str()
 4 SYSTEMPATH/View/View.php(213): include('APPPATH/Views/layouts/partials/pagination.php')
 5 SYSTEMPATH/View/View.php(216): CodeIgniter\View\View->CodeIgniter\View\{closure}()
 6 SYSTEMPATH/View/View.php(431): CodeIgniter\View\View->render()
 7 APPPATH/Views/layouts/announcement.php(88): CodeIgniter\View\View->include()
 8 SYSTEMPATH/View/View.php(213): include('APPPATH/Views/layouts/announcement.php')
 9 SYSTEMPATH/View/View.php(216): CodeIgniter\View\View->CodeIgniter\View\{closure}()
10 SYSTEMPATH/Common.php(1134): CodeIgniter\View\View->render()
11 APPPATH/Controllers/Announcement.php(85): view()
12 SYSTEMPATH/CodeIgniter.php(927): App\Controllers\Announcement->index()
13 SYSTEMPATH/CodeIgniter.php(482): CodeIgniter\CodeIgniter->runController()
14 SYSTEMPATH/CodeIgniter.php(351): CodeIgniter\CodeIgniter->handleRequest()
15 FCPATH/index.php(67): CodeIgniter\CodeIgniter->run()
CRITICAL - 2023-05-20 06:19:57 --> Undefined constant "CodeIgniter\Debug\VENDORPATH"
in SYSTEMPATH/Debug/Exceptions.php on line 177.
 1 SYSTEMPATH/Debug/Exceptions.php(157): CodeIgniter\Debug\Exceptions->isFakerDeprecationError()
 2 [internal function]: CodeIgniter\Debug\Exceptions->errorHandler()
 3 APPPATH/Views/layouts/partials/pagination.php(5): parse_str()
 4 SYSTEMPATH/View/View.php(213): include('APPPATH/Views/layouts/partials/pagination.php')
 5 SYSTEMPATH/View/View.php(216): CodeIgniter\View\View->CodeIgniter\View\{closure}()
 6 SYSTEMPATH/View/View.php(431): CodeIgniter\View\View->render()
 7 APPPATH/Views/layouts/announcement.php(88): CodeIgniter\View\View->include()
 8 SYSTEMPATH/View/View.php(213): include('APPPATH/Views/layouts/announcement.php')
 9 SYSTEMPATH/View/View.php(216): CodeIgniter\View\View->CodeIgniter\View\{closure}()
10 SYSTEMPATH/Common.php(1134): CodeIgniter\View\View->render()
11 APPPATH/Controllers/Announcement.php(85): view()
12 SYSTEMPATH/CodeIgniter.php(927): App\Controllers\Announcement->index()
13 SYSTEMPATH/CodeIgniter.php(482): CodeIgniter\CodeIgniter->runController()
14 SYSTEMPATH/CodeIgniter.php(351): CodeIgniter\CodeIgniter->handleRequest()
15 FCPATH/index.php(67): CodeIgniter\CodeIgniter->run()
CRITICAL - 2023-05-20 06:20:00 --> Undefined constant "CodeIgniter\Debug\VENDORPATH"
in SYSTEMPATH/Debug/Exceptions.php on line 177.
 1 SYSTEMPATH/Debug/Exceptions.php(157): CodeIgniter\Debug\Exceptions->isFakerDeprecationError()
 2 [internal function]: CodeIgniter\Debug\Exceptions->errorHandler()
 3 APPPATH/Views/layouts/partials/pagination.php(5): parse_str()
 4 SYSTEMPATH/View/View.php(213): include('APPPATH/Views/layouts/partials/pagination.php')
 5 SYSTEMPATH/View/View.php(216): CodeIgniter\View\View->CodeIgniter\View\{closure}()
 6 SYSTEMPATH/View/View.php(431): CodeIgniter\View\View->render()
 7 APPPATH/Views/layouts/announcement.php(88): CodeIgniter\View\View->include()
 8 SYSTEMPATH/View/View.php(213): include('APPPATH/Views/layouts/announcement.php')
 9 SYSTEMPATH/View/View.php(216): CodeIgniter\View\View->CodeIgniter\View\{closure}()
10 SYSTEMPATH/Common.php(1134): CodeIgniter\View\View->render()
11 APPPATH/Controllers/Announcement.php(85): view()
12 SYSTEMPATH/CodeIgniter.php(927): App\Controllers\Announcement->index()
13 SYSTEMPATH/CodeIgniter.php(482): CodeIgniter\CodeIgniter->runController()
14 SYSTEMPATH/CodeIgniter.php(351): CodeIgniter\CodeIgniter->handleRequest()
15 FCPATH/index.php(67): CodeIgniter\CodeIgniter->run()
CRITICAL - 2023-05-20 06:20:29 --> Undefined constant "CodeIgniter\Debug\VENDORPATH"
in SYSTEMPATH/Debug/Exceptions.php on line 177.
 1 SYSTEMPATH/Debug/Exceptions.php(157): CodeIgniter\Debug\Exceptions->isFakerDeprecationError()
 2 [internal function]: CodeIgniter\Debug\Exceptions->errorHandler()
 3 APPPATH/Views/layouts/partials/pagination.php(5): parse_str()
 4 SYSTEMPATH/View/View.php(213): include('APPPATH/Views/layouts/partials/pagination.php')
 5 SYSTEMPATH/View/View.php(216): CodeIgniter\View\View->CodeIgniter\View\{closure}()
 6 SYSTEMPATH/View/View.php(431): CodeIgniter\View\View->render()
 7 APPPATH/Views/layouts/announcement.php(88): CodeIgniter\View\View->include()
 8 SYSTEMPATH/View/View.php(213): include('APPPATH/Views/layouts/announcement.php')
 9 SYSTEMPATH/View/View.php(216): CodeIgniter\View\View->CodeIgniter\View\{closure}()
10 SYSTEMPATH/Common.php(1134): CodeIgniter\View\View->render()
11 APPPATH/Controllers/Announcement.php(85): view()
12 SYSTEMPATH/CodeIgniter.php(927): App\Controllers\Announcement->index()
13 SYSTEMPATH/CodeIgniter.php(482): CodeIgniter\CodeIgniter->runController()
14 SYSTEMPATH/CodeIgniter.php(351): CodeIgniter\CodeIgniter->handleRequest()
15 FCPATH/index.php(67): CodeIgniter\CodeIgniter->run()
CRITICAL - 2023-05-20 06:20:59 --> Undefined constant "CodeIgniter\Debug\VENDORPATH"
in SYSTEMPATH/Debug/Exceptions.php on line 177.
 1 SYSTEMPATH/Debug/Exceptions.php(157): CodeIgniter\Debug\Exceptions->isFakerDeprecationError()
 2 [internal function]: CodeIgniter\Debug\Exceptions->errorHandler()
 3 APPPATH/Views/layouts/partials/pagination.php(5): parse_str()
 4 SYSTEMPATH/View/View.php(213): include('APPPATH/Views/layouts/partials/pagination.php')
 5 SYSTEMPATH/View/View.php(216): CodeIgniter\View\View->CodeIgniter\View\{closure}()
 6 SYSTEMPATH/View/View.php(431): CodeIgniter\View\View->render()
 7 APPPATH/Views/layouts/announcement.php(88): CodeIgniter\View\View->include()
 8 SYSTEMPATH/View/View.php(213): include('APPPATH/Views/layouts/announcement.php')
 9 SYSTEMPATH/View/View.php(216): CodeIgniter\View\View->CodeIgniter\View\{closure}()
10 SYSTEMPATH/Common.php(1134): CodeIgniter\View\View->render()
11 APPPATH/Controllers/Announcement.php(85): view()
12 SYSTEMPATH/CodeIgniter.php(927): App\Controllers\Announcement->index()
13 SYSTEMPATH/CodeIgniter.php(482): CodeIgniter\CodeIgniter->runController()
14 SYSTEMPATH/CodeIgniter.php(351): CodeIgniter\CodeIgniter->handleRequest()
15 FCPATH/index.php(67): CodeIgniter\CodeIgniter->run()
CRITICAL - 2023-05-20 06:21:01 --> Undefined constant "CodeIgniter\Debug\VENDORPATH"
in SYSTEMPATH/Debug/Exceptions.php on line 177.
 1 SYSTEMPATH/Debug/Exceptions.php(157): CodeIgniter\Debug\Exceptions->isFakerDeprecationError()
 2 [internal function]: CodeIgniter\Debug\Exceptions->errorHandler()
 3 APPPATH/Views/layouts/partials/pagination.php(5): parse_str()
 4 SYSTEMPATH/View/View.php(213): include('APPPATH/Views/layouts/partials/pagination.php')
 5 SYSTEMPATH/View/View.php(216): CodeIgniter\View\View->CodeIgniter\View\{closure}()
 6 SYSTEMPATH/View/View.php(431): CodeIgniter\View\View->render()
 7 APPPATH/Views/layouts/announcement.php(88): CodeIgniter\View\View->include()
 8 SYSTEMPATH/View/View.php(213): include('APPPATH/Views/layouts/announcement.php')
 9 SYSTEMPATH/View/View.php(216): CodeIgniter\View\View->CodeIgniter\View\{closure}()
10 SYSTEMPATH/Common.php(1134): CodeIgniter\View\View->render()
11 APPPATH/Controllers/Announcement.php(85): view()
12 SYSTEMPATH/CodeIgniter.php(927): App\Controllers\Announcement->index()
13 SYSTEMPATH/CodeIgniter.php(482): CodeIgniter\CodeIgniter->runController()
14 SYSTEMPATH/CodeIgniter.php(351): CodeIgniter\CodeIgniter->handleRequest()
15 FCPATH/index.php(67): CodeIgniter\CodeIgniter->run()
CRITICAL - 2023-05-20 06:22:16 --> Undefined constant "CodeIgniter\Debug\VENDORPATH"
in SYSTEMPATH/Debug/Exceptions.php on line 177.
 1 SYSTEMPATH/Debug/Exceptions.php(157): CodeIgniter\Debug\Exceptions->isFakerDeprecationError()
 2 [internal function]: CodeIgniter\Debug\Exceptions->errorHandler()
 3 APPPATH/Views/layouts/partials/pagination.php(5): parse_str()
 4 SYSTEMPATH/View/View.php(213): include('APPPATH/Views/layouts/partials/pagination.php')
 5 SYSTEMPATH/View/View.php(216): CodeIgniter\View\View->CodeIgniter\View\{closure}()
 6 SYSTEMPATH/View/View.php(431): CodeIgniter\View\View->render()
 7 APPPATH/Views/layouts/announcement.php(88): CodeIgniter\View\View->include()
 8 SYSTEMPATH/View/View.php(213): include('APPPATH/Views/layouts/announcement.php')
 9 SYSTEMPATH/View/View.php(216): CodeIgniter\View\View->CodeIgniter\View\{closure}()
10 SYSTEMPATH/Common.php(1134): CodeIgniter\View\View->render()
11 APPPATH/Controllers/Announcement.php(85): view()
12 SYSTEMPATH/CodeIgniter.php(927): App\Controllers\Announcement->index()
13 SYSTEMPATH/CodeIgniter.php(482): CodeIgniter\CodeIgniter->runController()
14 SYSTEMPATH/CodeIgniter.php(351): CodeIgniter\CodeIgniter->handleRequest()
15 FCPATH/index.php(67): CodeIgniter\CodeIgniter->run()
CRITICAL - 2023-05-20 06:22:42 --> Undefined constant "CodeIgniter\Debug\VENDORPATH"
in SYSTEMPATH/Debug/Exceptions.php on line 177.
 1 SYSTEMPATH/Debug/Exceptions.php(157): CodeIgniter\Debug\Exceptions->isFakerDeprecationError()
 2 [internal function]: CodeIgniter\Debug\Exceptions->errorHandler()
 3 APPPATH/Views/layouts/partials/pagination.php(5): parse_str()
 4 SYSTEMPATH/View/View.php(213): include('APPPATH/Views/layouts/partials/pagination.php')
 5 SYSTEMPATH/View/View.php(216): CodeIgniter\View\View->CodeIgniter\View\{closure}()
 6 SYSTEMPATH/View/View.php(431): CodeIgniter\View\View->render()
 7 APPPATH/Views/layouts/announcement.php(88): CodeIgniter\View\View->include()
 8 SYSTEMPATH/View/View.php(213): include('APPPATH/Views/layouts/announcement.php')
 9 SYSTEMPATH/View/View.php(216): CodeIgniter\View\View->CodeIgniter\View\{closure}()
10 SYSTEMPATH/Common.php(1134): CodeIgniter\View\View->render()
11 APPPATH/Controllers/Announcement.php(85): view()
12 SYSTEMPATH/CodeIgniter.php(927): App\Controllers\Announcement->index()
13 SYSTEMPATH/CodeIgniter.php(482): CodeIgniter\CodeIgniter->runController()
14 SYSTEMPATH/CodeIgniter.php(351): CodeIgniter\CodeIgniter->handleRequest()
15 FCPATH/index.php(67): CodeIgniter\CodeIgniter->run()
CRITICAL - 2023-05-20 06:22:49 --> Undefined variable $params
in APPPATH/Views/layouts/partials/pagination.php on line 9.
 1 APPPATH/Views/layouts/partials/pagination.php(9): CodeIgniter\Debug\Exceptions->errorHandler()
 2 SYSTEMPATH/View/View.php(213): include('APPPATH/Views/layouts/partials/pagination.php')
 3 SYSTEMPATH/View/View.php(216): CodeIgniter\View\View->CodeIgniter\View\{closure}()
 4 SYSTEMPATH/View/View.php(431): CodeIgniter\View\View->render()
 5 APPPATH/Views/layouts/announcement.php(88): CodeIgniter\View\View->include()
 6 SYSTEMPATH/View/View.php(213): include('APPPATH/Views/layouts/announcement.php')
 7 SYSTEMPATH/View/View.php(216): CodeIgniter\View\View->CodeIgniter\View\{closure}()
 8 SYSTEMPATH/Common.php(1134): CodeIgniter\View\View->render()
 9 APPPATH/Controllers/Announcement.php(85): view()
10 SYSTEMPATH/CodeIgniter.php(927): App\Controllers\Announcement->index()
11 SYSTEMPATH/CodeIgniter.php(482): CodeIgniter\CodeIgniter->runController()
12 SYSTEMPATH/CodeIgniter.php(351): CodeIgniter\CodeIgniter->handleRequest()
13 FCPATH/index.php(67): CodeIgniter\CodeIgniter->run()
CRITICAL - 2023-05-20 06:25:11 --> Undefined array key "terbaru?p=1"
in APPPATH/Controllers/Announcement.php on line 35.
 1 APPPATH/Controllers/Announcement.php(35): CodeIgniter\Debug\Exceptions->errorHandler()
 2 SYSTEMPATH/CodeIgniter.php(927): App\Controllers\Announcement->index()
 3 SYSTEMPATH/CodeIgniter.php(482): CodeIgniter\CodeIgniter->runController()
 4 SYSTEMPATH/CodeIgniter.php(351): CodeIgniter\CodeIgniter->handleRequest()
 5 FCPATH/index.php(67): CodeIgniter\CodeIgniter->run()
CRITICAL - 2023-05-20 06:29:10 --> Undefined array key "terbaru?p=1"
in APPPATH/Controllers/Announcement.php on line 35.
 1 APPPATH/Controllers/Announcement.php(35): CodeIgniter\Debug\Exceptions->errorHandler()
 2 SYSTEMPATH/CodeIgniter.php(927): App\Controllers\Announcement->index()
 3 SYSTEMPATH/CodeIgniter.php(482): CodeIgniter\CodeIgniter->runController()
 4 SYSTEMPATH/CodeIgniter.php(351): CodeIgniter\CodeIgniter->handleRequest()
 5 FCPATH/index.php(67): CodeIgniter\CodeIgniter->run()
CRITICAL - 2023-05-20 06:29:12 --> Undefined array key "terbaru?p=1"
in APPPATH/Controllers/Announcement.php on line 35.
 1 APPPATH/Controllers/Announcement.php(35): CodeIgniter\Debug\Exceptions->errorHandler()
 2 SYSTEMPATH/CodeIgniter.php(927): App\Controllers\Announcement->index()
 3 SYSTEMPATH/CodeIgniter.php(482): CodeIgniter\CodeIgniter->runController()
 4 SYSTEMPATH/CodeIgniter.php(351): CodeIgniter\CodeIgniter->handleRequest()
 5 FCPATH/index.php(67): CodeIgniter\CodeIgniter->run()
CRITICAL - 2023-05-20 06:29:12 --> Undefined array key "terbaru?p=1"
in APPPATH/Controllers/Announcement.php on line 35.
 1 APPPATH/Controllers/Announcement.php(35): CodeIgniter\Debug\Exceptions->errorHandler()
 2 SYSTEMPATH/CodeIgniter.php(927): App\Controllers\Announcement->index()
 3 SYSTEMPATH/CodeIgniter.php(482): CodeIgniter\CodeIgniter->runController()
 4 SYSTEMPATH/CodeIgniter.php(351): CodeIgniter\CodeIgniter->handleRequest()
 5 FCPATH/index.php(67): CodeIgniter\CodeIgniter->run()
CRITICAL - 2023-05-20 06:29:12 --> Undefined array key "terbaru?p=1"
in APPPATH/Controllers/Announcement.php on line 35.
 1 APPPATH/Controllers/Announcement.php(35): CodeIgniter\Debug\Exceptions->errorHandler()
 2 SYSTEMPATH/CodeIgniter.php(927): App\Controllers\Announcement->index()
 3 SYSTEMPATH/CodeIgniter.php(482): CodeIgniter\CodeIgniter->runController()
 4 SYSTEMPATH/CodeIgniter.php(351): CodeIgniter\CodeIgniter->handleRequest()
 5 FCPATH/index.php(67): CodeIgniter\CodeIgniter->run()
CRITICAL - 2023-05-20 06:29:13 --> Undefined array key "terbaru?p=1"
in APPPATH/Controllers/Announcement.php on line 35.
 1 APPPATH/Controllers/Announcement.php(35): CodeIgniter\Debug\Exceptions->errorHandler()
 2 SYSTEMPATH/CodeIgniter.php(927): App\Controllers\Announcement->index()
 3 SYSTEMPATH/CodeIgniter.php(482): CodeIgniter\CodeIgniter->runController()
 4 SYSTEMPATH/CodeIgniter.php(351): CodeIgniter\CodeIgniter->handleRequest()
 5 FCPATH/index.php(67): CodeIgniter\CodeIgniter->run()
CRITICAL - 2023-05-20 06:58:00 --> Undefined array key "image"
in APPPATH/Views/layouts/announcement.php on line 45.
 1 APPPATH/Views/layouts/announcement.php(45): CodeIgniter\Debug\Exceptions->errorHandler()
 2 SYSTEMPATH/View/View.php(213): include('APPPATH/Views/layouts/announcement.php')
 3 SYSTEMPATH/View/View.php(216): CodeIgniter\View\View->CodeIgniter\View\{closure}()
 4 SYSTEMPATH/Common.php(1134): CodeIgniter\View\View->render()
 5 APPPATH/Controllers/Announcement.php(85): view()
 6 SYSTEMPATH/CodeIgniter.php(927): App\Controllers\Announcement->index()
 7 SYSTEMPATH/CodeIgniter.php(482): CodeIgniter\CodeIgniter->runController()
 8 SYSTEMPATH/CodeIgniter.php(351): CodeIgniter\CodeIgniter->handleRequest()
 9 FCPATH/index.php(67): CodeIgniter\CodeIgniter->run()
ERROR - 2023-05-20 07:18:21 --> mysqli_sql_exception: Unknown column 'achievement_id' in 'field list' in /home/twelveio/projects/homepage/system/Database/MySQLi/Connection.php:292
Stack trace:
#0 /home/twelveio/projects/homepage/system/Database/MySQLi/Connection.php(292): mysqli->query()
#1 /home/twelveio/projects/homepage/system/Database/BaseConnection.php(666): CodeIgniter\Database\MySQLi\Connection->execute()
#2 /home/twelveio/projects/homepage/system/Database/BaseConnection.php(593): CodeIgniter\Database\BaseConnection->simpleQuery()
#3 /home/twelveio/projects/homepage/system/Database/BaseBuilder.php(1585): CodeIgniter\Database\BaseConnection->query()
#4 /home/twelveio/projects/homepage/app/Controllers/Achievement.php(64): CodeIgniter\Database\BaseBuilder->get()
#5 /home/twelveio/projects/homepage/system/CodeIgniter.php(927): App\Controllers\Achievement->index()
#6 /home/twelveio/projects/homepage/system/CodeIgniter.php(482): CodeIgniter\CodeIgniter->runController()
#7 /home/twelveio/projects/homepage/system/CodeIgniter.php(351): CodeIgniter\CodeIgniter->handleRequest()
#8 /home/twelveio/projects/homepage/public/index.php(67): CodeIgniter\CodeIgniter->run()
#9 {main}
CRITICAL - 2023-05-20 07:18:21 --> Unknown column 'achievement_id' in 'field list'
in SYSTEMPATH/Database/MySQLi/Connection.php on line 292.
 1 SYSTEMPATH/Database/MySQLi/Connection.php(292): mysqli->query()
 2 SYSTEMPATH/Database/BaseConnection.php(666): CodeIgniter\Database\MySQLi\Connection->execute()
 3 SYSTEMPATH/Database/BaseConnection.php(593): CodeIgniter\Database\BaseConnection->simpleQuery()
 4 SYSTEMPATH/Database/BaseBuilder.php(1585): CodeIgniter\Database\BaseConnection->query()
 5 APPPATH/Controllers/Achievement.php(64): CodeIgniter\Database\BaseBuilder->get()
 6 SYSTEMPATH/CodeIgniter.php(927): App\Controllers\Achievement->index()
 7 SYSTEMPATH/CodeIgniter.php(482): CodeIgniter\CodeIgniter->runController()
 8 SYSTEMPATH/CodeIgniter.php(351): CodeIgniter\CodeIgniter->handleRequest()
 9 FCPATH/index.php(67): CodeIgniter\CodeIgniter->run()
ERROR - 2023-05-20 07:18:23 --> mysqli_sql_exception: Unknown column 'achievement_id' in 'field list' in /home/twelveio/projects/homepage/system/Database/MySQLi/Connection.php:292
Stack trace:
#0 /home/twelveio/projects/homepage/system/Database/MySQLi/Connection.php(292): mysqli->query()
#1 /home/twelveio/projects/homepage/system/Database/BaseConnection.php(666): CodeIgniter\Database\MySQLi\Connection->execute()
#2 /home/twelveio/projects/homepage/system/Database/BaseConnection.php(593): CodeIgniter\Database\BaseConnection->simpleQuery()
#3 /home/twelveio/projects/homepage/system/Database/BaseBuilder.php(1585): CodeIgniter\Database\BaseConnection->query()
#4 /home/twelveio/projects/homepage/app/Controllers/Achievement.php(64): CodeIgniter\Database\BaseBuilder->get()
#5 /home/twelveio/projects/homepage/system/CodeIgniter.php(927): App\Controllers\Achievement->index()
#6 /home/twelveio/projects/homepage/system/CodeIgniter.php(482): CodeIgniter\CodeIgniter->runController()
#7 /home/twelveio/projects/homepage/system/CodeIgniter.php(351): CodeIgniter\CodeIgniter->handleRequest()
#8 /home/twelveio/projects/homepage/public/index.php(67): CodeIgniter\CodeIgniter->run()
#9 {main}
CRITICAL - 2023-05-20 07:18:23 --> Unknown column 'achievement_id' in 'field list'
in SYSTEMPATH/Database/MySQLi/Connection.php on line 292.
 1 SYSTEMPATH/Database/MySQLi/Connection.php(292): mysqli->query()
 2 SYSTEMPATH/Database/BaseConnection.php(666): CodeIgniter\Database\MySQLi\Connection->execute()
 3 SYSTEMPATH/Database/BaseConnection.php(593): CodeIgniter\Database\BaseConnection->simpleQuery()
 4 SYSTEMPATH/Database/BaseBuilder.php(1585): CodeIgniter\Database\BaseConnection->query()
 5 APPPATH/Controllers/Achievement.php(64): CodeIgniter\Database\BaseBuilder->get()
 6 SYSTEMPATH/CodeIgniter.php(927): App\Controllers\Achievement->index()
 7 SYSTEMPATH/CodeIgniter.php(482): CodeIgniter\CodeIgniter->runController()
 8 SYSTEMPATH/CodeIgniter.php(351): CodeIgniter\CodeIgniter->handleRequest()
 9 FCPATH/index.php(67): CodeIgniter\CodeIgniter->run()
CRITICAL - 2023-05-20 07:18:46 --> foreach() argument must be of type array|object, string given
in APPPATH/Views/layouts/achievement.php on line 11.
 1 APPPATH/Views/layouts/achievement.php(11): CodeIgniter\Debug\Exceptions->errorHandler()
 2 SYSTEMPATH/View/View.php(213): include('APPPATH/Views/layouts/achievement.php')
 3 SYSTEMPATH/View/View.php(216): CodeIgniter\View\View->CodeIgniter\View\{closure}()
 4 SYSTEMPATH/Common.php(1134): CodeIgniter\View\View->render()
 5 APPPATH/Controllers/Achievement.php(74): view()
 6 SYSTEMPATH/CodeIgniter.php(927): App\Controllers\Achievement->index()
 7 SYSTEMPATH/CodeIgniter.php(482): CodeIgniter\CodeIgniter->runController()
 8 SYSTEMPATH/CodeIgniter.php(351): CodeIgniter\CodeIgniter->handleRequest()
 9 FCPATH/index.php(67): CodeIgniter\CodeIgniter->run()
CRITICAL - 2023-05-20 07:19:28 --> Undefined variable $totalImages
in APPPATH/Views/layouts/achievement.php on line 18.
 1 APPPATH/Views/layouts/achievement.php(18): CodeIgniter\Debug\Exceptions->errorHandler()
 2 SYSTEMPATH/View/View.php(213): include('APPPATH/Views/layouts/achievement.php')
 3 SYSTEMPATH/View/View.php(216): CodeIgniter\View\View->CodeIgniter\View\{closure}()
 4 SYSTEMPATH/Common.php(1134): CodeIgniter\View\View->render()
 5 APPPATH/Controllers/Achievement.php(74): view()
 6 SYSTEMPATH/CodeIgniter.php(927): App\Controllers\Achievement->index()
 7 SYSTEMPATH/CodeIgniter.php(482): CodeIgniter\CodeIgniter->runController()
 8 SYSTEMPATH/CodeIgniter.php(351): CodeIgniter\CodeIgniter->handleRequest()
 9 FCPATH/index.php(67): CodeIgniter\CodeIgniter->run()
CRITICAL - 2023-05-20 08:14:03 --> Undefined array key "announcement_id"
in APPPATH/Views/layouts/homepage.php on line 234.
 1 APPPATH/Views/layouts/homepage.php(234): CodeIgniter\Debug\Exceptions->errorHandler()
 2 SYSTEMPATH/View/View.php(213): include('APPPATH/Views/layouts/homepage.php')
 3 SYSTEMPATH/View/View.php(216): CodeIgniter\View\View->CodeIgniter\View\{closure}()
 4 SYSTEMPATH/Common.php(1134): CodeIgniter\View\View->render()
 5 APPPATH/Controllers/Home.php(73): view()
 6 SYSTEMPATH/CodeIgniter.php(927): App\Controllers\Home->index()
 7 SYSTEMPATH/CodeIgniter.php(482): CodeIgniter\CodeIgniter->runController()
 8 SYSTEMPATH/CodeIgniter.php(351): CodeIgniter\CodeIgniter->handleRequest()
 9 FCPATH/index.php(67): CodeIgniter\CodeIgniter->run()
CRITICAL - 2023-05-20 08:18:35 --> Undefined array key "terdekat"
in APPPATH/Controllers/Event.php on line 33.
 1 APPPATH/Controllers/Event.php(33): CodeIgniter\Debug\Exceptions->errorHandler()
 2 SYSTEMPATH/CodeIgniter.php(927): App\Controllers\Event->index()
 3 SYSTEMPATH/CodeIgniter.php(482): CodeIgniter\CodeIgniter->runController()
 4 SYSTEMPATH/CodeIgniter.php(351): CodeIgniter\CodeIgniter->handleRequest()
 5 FCPATH/index.php(67): CodeIgniter\CodeIgniter->run()
CRITICAL - 2023-05-20 08:19:47 --> Undefined array key "terdekat"
in APPPATH/Controllers/Event.php on line 33.
 1 APPPATH/Controllers/Event.php(33): CodeIgniter\Debug\Exceptions->errorHandler()
 2 SYSTEMPATH/CodeIgniter.php(927): App\Controllers\Event->index()
 3 SYSTEMPATH/CodeIgniter.php(482): CodeIgniter\CodeIgniter->runController()
 4 SYSTEMPATH/CodeIgniter.php(351): CodeIgniter\CodeIgniter->handleRequest()
 5 FCPATH/index.php(67): CodeIgniter\CodeIgniter->run()
CRITICAL - 2023-05-20 08:19:48 --> Undefined array key "terdekat"
in APPPATH/Controllers/Event.php on line 33.
 1 APPPATH/Controllers/Event.php(33): CodeIgniter\Debug\Exceptions->errorHandler()
 2 SYSTEMPATH/CodeIgniter.php(927): App\Controllers\Event->index()
 3 SYSTEMPATH/CodeIgniter.php(482): CodeIgniter\CodeIgniter->runController()
 4 SYSTEMPATH/CodeIgniter.php(351): CodeIgniter\CodeIgniter->handleRequest()
 5 FCPATH/index.php(67): CodeIgniter\CodeIgniter->run()
CRITICAL - 2023-05-20 08:19:50 --> Undefined array key "terdekat"
in APPPATH/Controllers/Event.php on line 33.
 1 APPPATH/Controllers/Event.php(33): CodeIgniter\Debug\Exceptions->errorHandler()
 2 SYSTEMPATH/CodeIgniter.php(927): App\Controllers\Event->index()
 3 SYSTEMPATH/CodeIgniter.php(482): CodeIgniter\CodeIgniter->runController()
 4 SYSTEMPATH/CodeIgniter.php(351): CodeIgniter\CodeIgniter->handleRequest()
 5 FCPATH/index.php(67): CodeIgniter\CodeIgniter->run()
CRITICAL - 2023-05-20 08:19:51 --> Undefined array key "terdekat"
in APPPATH/Controllers/Event.php on line 33.
 1 APPPATH/Controllers/Event.php(33): CodeIgniter\Debug\Exceptions->errorHandler()
 2 SYSTEMPATH/CodeIgniter.php(927): App\Controllers\Event->index()
 3 SYSTEMPATH/CodeIgniter.php(482): CodeIgniter\CodeIgniter->runController()
 4 SYSTEMPATH/CodeIgniter.php(351): CodeIgniter\CodeIgniter->handleRequest()
 5 FCPATH/index.php(67): CodeIgniter\CodeIgniter->run()
