CRITICAL - 2023-05-12 21:32:44 --> syntax error, unexpected token "class", expecting "," or ";"
in APPPATH/Views/app.php on line 45.
 1 SYSTEMPATH/View/View.php(216): CodeIgniter\View\View->CodeIgniter\View\{closure}()
 2 SYSTEMPATH/View/View.php(229): CodeIgniter\View\View->render()
 3 SYSTEMPATH/Common.php(1134): CodeIgniter\View\View->render()
 4 APPPATH/Controllers/Home.php(56): view()
 5 SYSTEMPATH/CodeIgniter.php(927): App\Controllers\Home->index()
 6 SYSTEMPATH/CodeIgniter.php(482): CodeIgniter\CodeIgniter->runController()
 7 SYSTEMPATH/CodeIgniter.php(351): CodeIgniter\CodeIgniter->handleRequest()
 8 FCPATH/index.php(67): CodeIgniter\CodeIgniter->run()
CRITICAL - 2023-05-12 21:37:05 --> Undefined variable $data
in APPPATH/Views/layouts/homepage.php on line 18.
 1 APPPATH/Views/layouts/homepage.php(18): CodeIgniter\Debug\Exceptions->errorHandler()
 2 SYSTEMPATH/View/View.php(213): include('APPPATH/Views/layouts/homepage.php')
 3 SYSTEMPATH/View/View.php(216): CodeIgniter\View\View->CodeIgniter\View\{closure}()
 4 SYSTEMPATH/Common.php(1134): CodeIgniter\View\View->render()
 5 APPPATH/Controllers/Home.php(70): view()
 6 SYSTEMPATH/CodeIgniter.php(927): App\Controllers\Home->greeting()
 7 SYSTEMPATH/CodeIgniter.php(482): CodeIgniter\CodeIgniter->runController()
 8 SYSTEMPATH/CodeIgniter.php(351): CodeIgniter\CodeIgniter->handleRequest()
 9 FCPATH/index.php(67): CodeIgniter\CodeIgniter->run()
CRITICAL - 2023-05-12 21:51:50 --> Undefined variable $breadcrumbs
in APPPATH/Views/app.php on line 74.
 1 APPPATH/Views/app.php(74): CodeIgniter\Debug\Exceptions->errorHandler()
 2 SYSTEMPATH/View/View.php(213): include('APPPATH/Views/app.php')
 3 SYSTEMPATH/View/View.php(216): CodeIgniter\View\View->CodeIgniter\View\{closure}()
 4 SYSTEMPATH/View/View.php(229): CodeIgniter\View\View->render()
 5 SYSTEMPATH/Common.php(1134): CodeIgniter\View\View->render()
 6 APPPATH/Controllers/Home.php(58): view()
 7 SYSTEMPATH/CodeIgniter.php(927): App\Controllers\Home->index()
 8 SYSTEMPATH/CodeIgniter.php(482): CodeIgniter\CodeIgniter->runController()
 9 SYSTEMPATH/CodeIgniter.php(351): CodeIgniter\CodeIgniter->handleRequest()
10 FCPATH/index.php(67): CodeIgniter\CodeIgniter->run()
CRITICAL - 2023-05-12 22:49:36 --> Invalid file: Nama Guru.php
in SYSTEMPATH/Exceptions/FrameworkException.php on line 33.
 1 SYSTEMPATH/View/View.php(201): CodeIgniter\Exceptions\FrameworkException::forInvalidFile()
 2 SYSTEMPATH/View/View.php(229): CodeIgniter\View\View->render()
 3 SYSTEMPATH/Common.php(1134): CodeIgniter\View\View->render()
 4 APPPATH/Controllers/Home.php(110): view()
 5 SYSTEMPATH/CodeIgniter.php(927): App\Controllers\Home->teachers()
 6 SYSTEMPATH/CodeIgniter.php(482): CodeIgniter\CodeIgniter->runController()
 7 SYSTEMPATH/CodeIgniter.php(351): CodeIgniter\CodeIgniter->handleRequest()
 8 FCPATH/index.php(67): CodeIgniter\CodeIgniter->run()
CRITICAL - 2023-05-12 22:49:39 --> Invalid file: Nama Guru.php
in SYSTEMPATH/Exceptions/FrameworkException.php on line 33.
 1 SYSTEMPATH/View/View.php(201): CodeIgniter\Exceptions\FrameworkException::forInvalidFile()
 2 SYSTEMPATH/View/View.php(229): CodeIgniter\View\View->render()
 3 SYSTEMPATH/Common.php(1134): CodeIgniter\View\View->render()
 4 APPPATH/Controllers/Home.php(110): view()
 5 SYSTEMPATH/CodeIgniter.php(927): App\Controllers\Home->teachers()
 6 SYSTEMPATH/CodeIgniter.php(482): CodeIgniter\CodeIgniter->runController()
 7 SYSTEMPATH/CodeIgniter.php(351): CodeIgniter\CodeIgniter->handleRequest()
 8 FCPATH/index.php(67): CodeIgniter\CodeIgniter->run()
